<?xml version="1.0" encoding="UTF-8"?>
<!-- Generated by org.testng.reporters.JUnitXMLReporter -->
<testsuite hostname="sachin-PC" name="Default test" tests="3" failures="0" timestamp="25 Nov 2018 04:54:00 GMT" time="76.655" errors="0">
  <testcase name="registration_With_InvalidData" time="7.328" classname="com.test.testcases.RegstrationPageTest"/>
  <testcase name="registration_with_Excel_Data" time="6.818" classname="com.test.testcases.RegstrationPageTest"/>
  <testcase name="registration_with_Excel_Data" time="7.217" classname="com.test.testcases.RegstrationPageTest"/>
</testsuite> <!-- Default test -->
