<?xml version="1.0" encoding="UTF-8"?>
<testng-results skipped="0" failed="0" total="1" passed="1">
  <reporter-output>
  </reporter-output>
  <suite name="Default suite" duration-ms="40140" started-at="2018-05-22T17:21:33Z" finished-at="2018-05-22T17:22:13Z">
    <groups>
    </groups>
    <test name="Default test" duration-ms="40140" started-at="2018-05-22T17:21:33Z" finished-at="2018-05-22T17:22:13Z">
      <class name="com.test.testcases.RegstrationPageTest">
        <test-method status="PASS" signature="launch()[pri:0, instance:com.test.testcases.RegstrationPageTest@4667ae56]" name="launch" is-config="true" duration-ms="27535" started-at="2018-05-22T22:51:33Z" finished-at="2018-05-22T22:52:01Z">
          <reporter-output>
          </reporter-output>
        </test-method> <!-- launch -->
        <test-method status="PASS" signature="registration_With_InvalidData()[pri:0, instance:com.test.testcases.RegstrationPageTest@4667ae56]" name="registration_With_InvalidData" duration-ms="12565" started-at="2018-05-22T22:52:01Z" finished-at="2018-05-22T22:52:13Z">
          <reporter-output>
          </reporter-output>
        </test-method> <!-- registration_With_InvalidData -->
        <test-method status="PASS" signature="terminate()[pri:0, instance:com.test.testcases.RegstrationPageTest@4667ae56]" name="terminate" is-config="true" duration-ms="17" started-at="2018-05-22T22:52:13Z" finished-at="2018-05-22T22:52:13Z">
          <reporter-output>
          </reporter-output>
        </test-method> <!-- terminate -->
      </class> <!-- com.test.testcases.RegstrationPageTest -->
    </test> <!-- Default test -->
  </suite> <!-- Default suite -->
</testng-results>
